<?xml version="1.0" encoding="UTF-8"?>
<testsuite name="co.com.agudelo.microservice.resolveEnigmaApi.api.GetStepApiControllerIntegrationTest" time="0.017" tests="1" errors="0" skipped="0" failures="0">
  <properties>
    <property name="java.runtime.name" value="OpenJDK Runtime Environment"/>
    <property name="sun.boot.library.path" value="/Users/Valentina1/.sdkman/candidates/java/8.0.402-zulu/zulu-8.jdk/Contents/Home/jre/lib"/>
    <property name="java.vm.version" value="25.402-b06"/>
    <property name="gopherProxySet" value="false"/>
    <property name="jdk.vendor.version" value="Zulu 8.76.0.17-CA-macos-aarch64"/>
    <property name="java.vm.vendor" value="Azul Systems, Inc."/>
    <property name="maven.multiModuleProjectDirectory" value="/Users/Valentina1/Desktop/UNIVERSIDAD USB/SEXTO SEMESTRE/D. sistemas comput/swagger-project/ResolveEnigmaAp"/>
    <property name="java.vendor.url" value="http://www.azul.com/"/>
    <property name="path.separator" value=":"/>
    <property name="guice.disable.misplaced.annotation.check" value="true"/>
    <property name="java.vm.name" value="OpenJDK 64-Bit Server VM"/>
    <property name="file.encoding.pkg" value="sun.io"/>
    <property name="user.country" value="MX"/>
    <property name="sun.java.launcher" value="SUN_STANDARD"/>
    <property name="sun.os.patch.level" value="unknown"/>
    <property name="java.vm.specification.name" value="Java Virtual Machine Specification"/>
    <property name="user.dir" value="/Users/Valentina1/Desktop/UNIVERSIDAD USB/SEXTO SEMESTRE/D. sistemas comput/swagger-project/ResolveEnigmaAp"/>
    <property name="java.runtime.version" value="1.8.0_402-b06"/>
    <property name="java.awt.graphicsenv" value="sun.awt.CGraphicsEnvironment"/>
    <property name="java.endorsed.dirs" value="/Users/Valentina1/.sdkman/candidates/java/8.0.402-zulu/zulu-8.jdk/Contents/Home/jre/lib/endorsed"/>
    <property name="os.arch" value="aarch64"/>
    <property name="java.io.tmpdir" value="/var/folders/96/b5_88bjn7wj7rgktg_czmpdr0000gq/T/"/>
    <property name="line.separator" value="&#10;"/>
    <property name="java.vm.specification.vendor" value="Oracle Corporation"/>
    <property name="os.name" value="Mac OS X"/>
    <property name="classworlds.conf" value="/Users/Valentina1/Desktop/apache-maven-3.9.6/bin/m2.conf"/>
    <property name="sun.jnu.encoding" value="UTF-8"/>
    <property name="java.library.path" value="/Users/Valentina1/Library/Java/Extensions:/Library/Java/Extensions:/Network/Library/Java/Extensions:/System/Library/Java/Extensions:/usr/lib/java:."/>
    <property name="maven.conf" value="/Users/Valentina1/Desktop/apache-maven-3.9.6/conf"/>
    <property name="java.specification.name" value="Java Platform API Specification"/>
    <property name="java.class.version" value="52.0"/>
    <property name="sun.management.compiler" value="HotSpot 64-Bit Tiered Compilers"/>
    <property name="os.version" value="12.5"/>
    <property name="library.jansi.path" value="/Users/Valentina1/Desktop/apache-maven-3.9.6/lib/jansi-native"/>
    <property name="http.nonProxyHosts" value="local|*.local|169.254/16|*.169.254/16"/>
    <property name="user.home" value="/Users/Valentina1"/>
    <property name="user.timezone" value="America/Bogota"/>
    <property name="java.awt.printerjob" value="sun.lwawt.macosx.CPrinterJob"/>
    <property name="java.specification.version" value="1.8"/>
    <property name="file.encoding" value="UTF-8"/>
    <property name="user.name" value="Valentina1"/>
    <property name="java.class.path" value="/Users/Valentina1/Desktop/apache-maven-3.9.6/boot/plexus-classworlds-2.7.0.jar"/>
    <property name="java.vm.specification.version" value="1.8"/>
    <property name="sun.arch.data.model" value="64"/>
    <property name="java.home" value="/Users/Valentina1/.sdkman/candidates/java/8.0.402-zulu/zulu-8.jdk/Contents/Home/jre"/>
    <property name="sun.java.command" value="org.codehaus.plexus.classworlds.launcher.Launcher install"/>
    <property name="java.specification.vendor" value="Oracle Corporation"/>
    <property name="user.language" value="es"/>
    <property name="awt.toolkit" value="sun.lwawt.macosx.LWCToolkit"/>
    <property name="java.vm.info" value="mixed mode"/>
    <property name="java.version" value="1.8.0_402"/>
    <property name="java.ext.dirs" value="/Users/Valentina1/Library/Java/Extensions:/Users/Valentina1/.sdkman/candidates/java/8.0.402-zulu/zulu-8.jdk/Contents/Home/jre/lib/ext:/Library/Java/Extensions:/Network/Library/Java/Extensions:/System/Library/Java/Extensions:/usr/lib/java"/>
    <property name="sun.boot.class.path" value="/Users/Valentina1/.sdkman/candidates/java/8.0.402-zulu/zulu-8.jdk/Contents/Home/jre/lib/resources.jar:/Users/Valentina1/.sdkman/candidates/java/8.0.402-zulu/zulu-8.jdk/Contents/Home/jre/lib/rt.jar:/Users/Valentina1/.sdkman/candidates/java/8.0.402-zulu/zulu-8.jdk/Contents/Home/jre/lib/sunrsasign.jar:/Users/Valentina1/.sdkman/candidates/java/8.0.402-zulu/zulu-8.jdk/Contents/Home/jre/lib/jsse.jar:/Users/Valentina1/.sdkman/candidates/java/8.0.402-zulu/zulu-8.jdk/Contents/Home/jre/lib/jce.jar:/Users/Valentina1/.sdkman/candidates/java/8.0.402-zulu/zulu-8.jdk/Contents/Home/jre/lib/charsets.jar:/Users/Valentina1/.sdkman/candidates/java/8.0.402-zulu/zulu-8.jdk/Contents/Home/jre/lib/jfr.jar:/Users/Valentina1/.sdkman/candidates/java/8.0.402-zulu/zulu-8.jdk/Contents/Home/jre/lib/cat.jar:/Users/Valentina1/.sdkman/candidates/java/8.0.402-zulu/zulu-8.jdk/Contents/Home/jre/classes"/>
    <property name="java.vendor" value="Azul Systems, Inc."/>
    <property name="java.specification.maintenance.version" value="5"/>
    <property name="maven.home" value="/Users/Valentina1/Desktop/apache-maven-3.9.6"/>
    <property name="file.separator" value="/"/>
    <property name="java.vendor.url.bug" value="http://www.azul.com/support/"/>
    <property name="sun.cpu.endian" value="little"/>
    <property name="sun.io.unicode.encoding" value="UnicodeBig"/>
    <property name="socksNonProxyHosts" value="local|*.local|169.254/16|*.169.254/16"/>
    <property name="ftp.nonProxyHosts" value="local|*.local|169.254/16|*.169.254/16"/>
    <property name="sun.cpu.isalist" value=""/>
  </properties>
  <testcase name="getStepTest" classname="co.com.agudelo.microservice.resolveEnigmaApi.api.GetStepApiControllerIntegrationTest" time="0.017"/>
</testsuite>